<?xml version="1.0" encoding="UTF-8"?>
<testng-results ignored="0" total="1" passed="1" failed="0" skipped="0">
  <reporter-output>
  </reporter-output>
  <suite started-at="2024-09-17T18:17:56 IST" name="Default suite" finished-at="2024-09-17T18:18:05 IST" duration-ms="8866">
    <groups>
    </groups>
    <test started-at="2024-09-17T18:17:56 IST" name="Default test" finished-at="2024-09-17T18:18:05 IST" duration-ms="8866">
      <class name="AdvanceReportGeneration.reportDemo">
        <test-method is-config="true" signature="configDetails()[pri:0, instance:AdvanceReportGeneration.reportDemo@449a4f23]" started-at="2024-09-17T18:17:56 IST" name="configDetails" finished-at="2024-09-17T18:17:56 IST" duration-ms="409" status="PASS">
          <reporter-output>
          </reporter-output>
        </test-method> <!-- configDetails -->
        <test-method signature="sampleTest()[pri:0, instance:AdvanceReportGeneration.reportDemo@449a4f23]" started-at="2024-09-17T18:17:56 IST" name="sampleTest" finished-at="2024-09-17T18:18:05 IST" duration-ms="8403" status="PASS">
          <reporter-output>
          </reporter-output>
        </test-method> <!-- sampleTest -->
      </class> <!-- AdvanceReportGeneration.reportDemo -->
    </test> <!-- Default test -->
  </suite> <!-- Default suite -->
</testng-results>
